 /Users/kaan/Desktop/XTract/demo/erc20token

Found 1 contract crates.

(1/1)
In /Users/kaan/Desktop/XTract/demo/erc20token/meta
Calling `cargo run build`
   Compiling erc20token v0.1.0 (/Users/kaan/Desktop/XTract/demo/erc20token)
   Compiling erc20token-meta v0.0.0 (/Users/kaan/Desktop/XTract/demo/erc20token/meta)
    Finished `dev` profile [unoptimized + debuginfo] target(s) in 0.35s
     Running `target/debug/erc20token-meta build`
Warning: wasm-opt not installed
Using workspace target directory: /Users/kaan/Desktop/XTract/demo/erc20token/meta/target ...
Building erc20token.wasm in /Users/kaan/Desktop/XTract/demo/erc20token/wasm ...
RUSTFLAGS="-C link-arg=-s -C link-arg=-zstack-size=131072" cargo build --target=wasm32-unknown-unknown --release --target-dir /Users/kaan/Desktop/XTract/demo/erc20token/meta/target
   Compiling erc20token v0.1.0 (/Users/kaan/Desktop/XTract/demo/erc20token)
   Compiling erc20token-wasm v0.0.0 (/Users/kaan/Desktop/XTract/demo/erc20token/wasm)
    Finished `release` profile [optimized] target(s) in 0.24s
Copying /Users/kaan/Desktop/XTract/demo/erc20token/meta/target/wasm32-unknown-unknown/release/erc20token_wasm.wasm to ../output/erc20token.wasm ...
Extracting imports to ../output/erc20token.imports.json ...
Checking EI version: 1.3 ... OK
Packing ../output/erc20token.mxsc.json ...
Contract size: 1851 bytes.
