 /Users/kaan/Desktop/XTract/demo/nftmarketplace

Found 1 contract crates.

(1/1)
In /Users/kaan/Desktop/XTract/demo/nftmarketplace/meta
Calling `cargo run build`
   Compiling nftmarketplace v0.1.0 (/Users/kaan/Desktop/XTract/demo/nftmarketplace)
warning: variable `tokenId` should have a snake case name
  --> /Users/kaan/Desktop/XTract/demo/nftmarketplace/src/lib.rs:26:44
   |
26 |     fn nft_created_event(&self, #[indexed] tokenId: &BigUint<Self::Api>, #[indexed] owner: &ManagedAddress<Self::Api>);
   |                                            ^^^^^^^ help: convert the identifier to snake case: `token_id`
   |
   = note: `#[warn(non_snake_case)]` on by default

warning: variable `tokenId` should have a snake case name
  --> /Users/kaan/Desktop/XTract/demo/nftmarketplace/src/lib.rs:29:43
   |
29 |     fn nft_listed_event(&self, #[indexed] tokenId: &BigUint<Self::Api>, price: &BigUint<Self::Api>);
   |                                           ^^^^^^^ help: convert the identifier to snake case: `token_id`

warning: variable `tokenId` should have a snake case name
  --> /Users/kaan/Desktop/XTract/demo/nftmarketplace/src/lib.rs:32:41
   |
32 |     fn nft_sold_event(&self, #[indexed] tokenId: &BigUint<Self::Api>, #[indexed] from: &ManagedAddress<Self::Api>, #[indexed] to: &Manage...
   |                                         ^^^^^^^ help: convert the identifier to snake case: `token_id`

warning: variable `tokenId` should have a snake case name
  --> /Users/kaan/Desktop/XTract/demo/nftmarketplace/src/lib.rs:26:44
   |
26 |     fn nft_created_event(&self, #[indexed] tokenId: &BigUint<Self::Api>, #[indexed] owner: &ManagedAddress<Self::Api>);
   |                                            ^^^^^^^ help: convert the identifier to snake case: `token_id`

warning: `nftmarketplace` (lib) generated 6 warnings (2 duplicates)
   Compiling nftmarketplace-meta v0.0.0 (/Users/kaan/Desktop/XTract/demo/nftmarketplace/meta)
    Finished `dev` profile [unoptimized + debuginfo] target(s) in 0.33s
     Running `target/debug/nftmarketplace-meta build`
Warning: wasm-opt not installed
Using workspace target directory: /Users/kaan/Desktop/XTract/demo/nftmarketplace/meta/target ...
Building nftmarketplace.wasm in /Users/kaan/Desktop/XTract/demo/nftmarketplace/wasm ...
RUSTFLAGS="-C link-arg=-s -C link-arg=-zstack-size=131072" cargo build --target=wasm32-unknown-unknown --release --target-dir /Users/kaan/Desktop/XTract/demo/nftmarketplace/meta/target
   Compiling nftmarketplace v0.1.0 (/Users/kaan/Desktop/XTract/demo/nftmarketplace)
warning: variable `tokenId` should have a snake case name
  --> /Users/kaan/Desktop/XTract/demo/nftmarketplace/src/lib.rs:26:44
   |
26 |     fn nft_created_event(&self, #[indexed] tokenId: &BigUint<Self::Api>, #[indexed] owner: &ManagedAddress<Self::Api>);
   |                                            ^^^^^^^ help: convert the identifier to snake case: `token_id`
   |
   = note: `#[warn(non_snake_case)]` on by default

warning: variable `tokenId` should have a snake case name
  --> /Users/kaan/Desktop/XTract/demo/nftmarketplace/src/lib.rs:29:43
   |
29 |     fn nft_listed_event(&self, #[indexed] tokenId: &BigUint<Self::Api>, price: &BigUint<Self::Api>);
   |                                           ^^^^^^^ help: convert the identifier to snake case: `token_id`

warning: variable `tokenId` should have a snake case name
  --> /Users/kaan/Desktop/XTract/demo/nftmarketplace/src/lib.rs:32:41
   |
32 |     fn nft_sold_event(&self, #[indexed] tokenId: &BigUint<Self::Api>, #[indexed] from: &ManagedAddress<Self::Api>, #[indexed] to: &Manage...
   |                                         ^^^^^^^ help: convert the identifier to snake case: `token_id`

warning: `nftmarketplace` (lib) generated 3 warnings
   Compiling nftmarketplace-wasm v0.0.0 (/Users/kaan/Desktop/XTract/demo/nftmarketplace/wasm)
    Finished `release` profile [optimized] target(s) in 0.26s
Copying /Users/kaan/Desktop/XTract/demo/nftmarketplace/meta/target/wasm32-unknown-unknown/release/nftmarketplace_wasm.wasm to ../output/nftmarketplace.wasm ...
Extracting imports to ../output/nftmarketplace.imports.json ...
Checking EI version: 1.3 ... OK
Packing ../output/nftmarketplace.mxsc.json ...
Contract size: 3041 bytes.
