 /Users/kaan/Desktop/XTract/demo/crowdfunding

Found 1 contract crates.

(1/1)
In /Users/kaan/Desktop/XTract/demo/crowdfunding/meta
Calling `cargo run build`
   Compiling crowdfunding v0.1.0 (/Users/kaan/Desktop/XTract/demo/crowdfunding)
   Compiling crowdfunding-meta v0.0.0 (/Users/kaan/Desktop/XTract/demo/crowdfunding/meta)
    Finished `dev` profile [unoptimized + debuginfo] target(s) in 0.18s
     Running `target/debug/crowdfunding-meta build`
Warning: wasm-opt not installed
Using workspace target directory: /Users/kaan/Desktop/XTract/demo/crowdfunding/meta/target ...
Building crowdfunding.wasm in /Users/kaan/Desktop/XTract/demo/crowdfunding/wasm ...
RUSTFLAGS="-C link-arg=-s -C link-arg=-zstack-size=131072" cargo build --target=wasm32-unknown-unknown --release --target-dir /Users/kaan/Desktop/XTract/demo/crowdfunding/meta/target
   Compiling crowdfunding v0.1.0 (/Users/kaan/Desktop/XTract/demo/crowdfunding)
   Compiling crowdfunding-wasm v0.0.0 (/Users/kaan/Desktop/XTract/demo/crowdfunding/wasm)
    Finished `release` profile [optimized] target(s) in 0.21s
Copying /Users/kaan/Desktop/XTract/demo/crowdfunding/meta/target/wasm32-unknown-unknown/release/crowdfunding_wasm.wasm to ../output/crowdfunding.wasm ...
Extracting imports to ../output/crowdfunding.imports.json ...
Checking EI version: 1.3 ... OK
Packing ../output/crowdfunding.mxsc.json ...
Contract size: 3292 bytes.
