 /Users/kaan/Desktop/XTract/demo/voting

Found 1 contract crates.

(1/1)
In /Users/kaan/Desktop/XTract/demo/voting/meta
Calling `cargo run build`
   Compiling voting v0.1.0 (/Users/kaan/Desktop/XTract/demo/voting)
warning: variable `proposalId` should have a snake case name
  --> /Users/kaan/Desktop/XTract/demo/voting/src/lib.rs:41:20
   |
41 |     fn vote(&self, proposalId: BigUint<Self::Api>) {
   |                    ^^^^^^^^^^ help: convert the identifier to snake case: `proposal_id`
   |
   = note: `#[warn(non_snake_case)]` on by default

warning: variable `proposalId` should have a snake case name
  --> /Users/kaan/Desktop/XTract/demo/voting/src/lib.rs:23:49
   |
23 |     fn proposal_created_event(&self, #[indexed] proposalId: &BigUint<Self::Api>);
   |                                                 ^^^^^^^^^^ help: convert the identifier to snake case: `proposal_id`

warning: variable `proposalId` should have a snake case name
  --> /Users/kaan/Desktop/XTract/demo/voting/src/lib.rs:26:88
   |
26 |     fn vote_cast_event(&self, #[indexed] voter: &ManagedAddress<Self::Api>, #[indexed] proposalId: &BigUint<Self::Api>);
   |                                                                                        ^^^^^^^^^^ help: convert the identifier to snake case: `proposal_id`

warning: variable `proposalId` should have a snake case name
  --> /Users/kaan/Desktop/XTract/demo/voting/src/lib.rs:41:20
   |
41 |     fn vote(&self, proposalId: BigUint<Self::Api>) {
   |                    ^^^^^^^^^^ help: convert the identifier to snake case: `proposal_id`

warning: `voting` (lib) generated 7 warnings (3 duplicates)
   Compiling voting-meta v0.0.0 (/Users/kaan/Desktop/XTract/demo/voting/meta)
    Finished `dev` profile [unoptimized + debuginfo] target(s) in 0.35s
     Running `target/debug/voting-meta build`
Warning: wasm-opt not installed
Using workspace target directory: /Users/kaan/Desktop/XTract/demo/voting/meta/target ...
Building voting.wasm in /Users/kaan/Desktop/XTract/demo/voting/wasm ...
RUSTFLAGS="-C link-arg=-s -C link-arg=-zstack-size=131072" cargo build --target=wasm32-unknown-unknown --release --target-dir /Users/kaan/Desktop/XTract/demo/voting/meta/target
   Compiling voting v0.1.0 (/Users/kaan/Desktop/XTract/demo/voting)
warning: variable `proposalId` should have a snake case name
  --> /Users/kaan/Desktop/XTract/demo/voting/src/lib.rs:41:20
   |
41 |     fn vote(&self, proposalId: BigUint<Self::Api>) {
   |                    ^^^^^^^^^^ help: convert the identifier to snake case: `proposal_id`
   |
   = note: `#[warn(non_snake_case)]` on by default

warning: variable `proposalId` should have a snake case name
  --> /Users/kaan/Desktop/XTract/demo/voting/src/lib.rs:23:49
   |
23 |     fn proposal_created_event(&self, #[indexed] proposalId: &BigUint<Self::Api>);
   |                                                 ^^^^^^^^^^ help: convert the identifier to snake case: `proposal_id`

warning: variable `proposalId` should have a snake case name
  --> /Users/kaan/Desktop/XTract/demo/voting/src/lib.rs:26:88
   |
26 |     fn vote_cast_event(&self, #[indexed] voter: &ManagedAddress<Self::Api>, #[indexed] proposalId: &BigUint<Self::Api>);
   |                                                                                        ^^^^^^^^^^ help: convert the identifier to snake case: `proposal_id`

warning: `voting` (lib) generated 3 warnings
   Compiling voting-wasm v0.0.0 (/Users/kaan/Desktop/XTract/demo/voting/wasm)
    Finished `release` profile [optimized] target(s) in 0.28s
Copying /Users/kaan/Desktop/XTract/demo/voting/meta/target/wasm32-unknown-unknown/release/voting_wasm.wasm to ../output/voting.wasm ...
Extracting imports to ../output/voting.imports.json ...
Checking EI version: 1.3 ... OK
Packing ../output/voting.mxsc.json ...
Contract size: 2524 bytes.
